d:\toplaywithlater\c++\new folder\finalversion\zombie survival\zombie survival\debug\vc120.pdb
d:\toplaywithlater\c++\new folder\finalversion\zombie survival\zombie survival\debug\vc120.idb
d:\toplaywithlater\c++\new folder\finalversion\zombie survival\zombie survival\debug\ammo.obj
d:\toplaywithlater\c++\new folder\finalversion\zombie survival\zombie survival\debug\armor.obj
d:\toplaywithlater\c++\new folder\finalversion\zombie survival\zombie survival\debug\block.obj
d:\toplaywithlater\c++\new folder\finalversion\zombie survival\zombie survival\debug\enemy.obj
d:\toplaywithlater\c++\new folder\finalversion\zombie survival\zombie survival\debug\game.obj
d:\toplaywithlater\c++\new folder\finalversion\zombie survival\zombie survival\debug\gfx.obj
d:\toplaywithlater\c++\new folder\finalversion\zombie survival\zombie survival\debug\item.obj
d:\toplaywithlater\c++\new folder\finalversion\zombie survival\zombie survival\debug\keyboard.obj
d:\toplaywithlater\c++\new folder\finalversion\zombie survival\zombie survival\debug\main.obj
d:\toplaywithlater\c++\new folder\finalversion\zombie survival\zombie survival\debug\mouse.obj
d:\toplaywithlater\c++\new folder\finalversion\zombie survival\zombie survival\debug\player.obj
d:\toplaywithlater\c++\new folder\finalversion\zombie survival\zombie survival\debug\bullet.obj
d:\toplaywithlater\c++\new folder\finalversion\zombie survival\zombie survival\debug\texture.obj
d:\toplaywithlater\c++\new folder\finalversion\zombie survival\zombie survival\debug\textures.obj
d:\toplaywithlater\c++\new folder\finalversion\zombie survival\zombie survival\debug\vector2.obj
d:\toplaywithlater\c++\new folder\finalversion\zombie survival\zombie survival\debug\weapon.obj
d:\toplaywithlater\c++\new folder\finalversion\zombie survival\debug\zombie survival.ilk
d:\toplaywithlater\c++\new folder\finalversion\zombie survival\debug\zombie survival.exe
d:\toplaywithlater\c++\new folder\finalversion\zombie survival\debug\zombie survival.pdb
d:\toplaywithlater\c++\new folder\finalversion\zombie survival\zombie survival\debug\zombie survival.tlog\cl.command.1.tlog
d:\toplaywithlater\c++\new folder\finalversion\zombie survival\zombie survival\debug\zombie survival.tlog\cl.read.1.tlog
d:\toplaywithlater\c++\new folder\finalversion\zombie survival\zombie survival\debug\zombie survival.tlog\cl.write.1.tlog
d:\toplaywithlater\c++\new folder\finalversion\zombie survival\zombie survival\debug\zombie survival.tlog\link.command.1.tlog
d:\toplaywithlater\c++\new folder\finalversion\zombie survival\zombie survival\debug\zombie survival.tlog\link.read.1.tlog
d:\toplaywithlater\c++\new folder\finalversion\zombie survival\zombie survival\debug\zombie survival.tlog\link.write.1.tlog
