Build started 5/2/2015 9:25:28 AM.
     1>Project "C:\Users\Craig\Desktop\finalVersion\Zombie Survival\Zombie Survival\Zombie Survival.vcxproj" on node 2 (build target(s)).
     1>InitializeBuildStatus:
         Creating "Release\Zombie Survival.unsuccessfulbuild" because "AlwaysCreate" was specified.
       ClCompile:
         C:\Program Files (x86)\Microsoft Visual Studio 10.0\VC\bin\CL.exe /c /I.\include /Zi /nologo /W3 /WX- /O2 /Oi /Oy- /GL /D _MBCS /Gm- /EHsc /MD /GS /Gy /fp:precise /Zc:wchar_t /Zc:forScope /Fo"Release\\" /Fd"Release\vc100.pdb" /Gd /TP /analyze- /errorReport:prompt main.cpp
         main.cpp
       Link:
         C:\Program Files (x86)\Microsoft Visual Studio 10.0\VC\bin\link.exe /ERRORREPORT:PROMPT /OUT:"C:\Users\Craig\Desktop\finalVersion\Zombie Survival\Release\Zombie Survival.exe" /NOLOGO /LIBPATH:.\lib opengl32.lib glfw3.lib glfw3dll.lib glew32.lib glew32s.lib SOIL.lib glut32.lib kernel32.lib user32.lib gdi32.lib winspool.lib comdlg32.lib advapi32.lib shell32.lib ole32.lib oleaut32.lib uuid.lib odbc32.lib odbccp32.lib /MANIFEST /ManifestFile:"Release\Zombie Survival.exe.intermediate.manifest" /MANIFESTUAC:"level='asInvoker' uiAccess='false'" /DEBUG /PDB:"C:\Users\Craig\Desktop\finalVersion\Zombie Survival\Release\Zombie Survival.pdb" /SUBSYSTEM:CONSOLE /OPT:REF /OPT:ICF /LTCG /TLBID:1 /DYNAMICBASE /NXCOMPAT /IMPLIB:"C:\Users\Craig\Desktop\finalVersion\Zombie Survival\Release\Zombie Survival.lib" /MACHINE:X86 Release\Ammo.obj
         Release\Armor.obj
         Release\Block.obj
         Release\Enemy.obj
         Release\Game.obj
         Release\GFX.obj
         Release\Item.obj
         Release\Keyboard.obj
         Release\main.obj
         Release\Mouse.obj
         Release\Player.obj
         Release\Bullet.obj
         Release\Texture.obj
         Release\Textures.obj
         Release\Vector2.obj
         Release\Weapon.obj
     1>SOIL.lib(SOIL.obj) : warning LNK4075: ignoring '/EDITANDCONTINUE' due to '/OPT:ICF' specification
     1>LINK : warning LNK4098: defaultlib 'MSVCRTD' conflicts with use of other libs; use /NODEFAULTLIB:library
         Generating code
         Finished generating code
     1>SOIL.lib(image_DXT.obj) : warning LNK4099: PDB 'vc100.pdb' was not found with 'SOIL.lib(image_DXT.obj)' or at 'C:\Users\Craig\Desktop\finalVersion\Zombie Survival\Release\vc100.pdb'; linking object as if no debug info
     1>SOIL.lib(image_helper.obj) : warning LNK4099: PDB 'vc100.pdb' was not found with 'SOIL.lib(image_helper.obj)' or at 'C:\Users\Craig\Desktop\finalVersion\Zombie Survival\Release\vc100.pdb'; linking object as if no debug info
     1>SOIL.lib(SOIL.obj) : warning LNK4099: PDB 'vc100.pdb' was not found with 'SOIL.lib(SOIL.obj)' or at 'C:\Users\Craig\Desktop\finalVersion\Zombie Survival\Release\vc100.pdb'; linking object as if no debug info
     1>SOIL.lib(stb_image_aug.obj) : warning LNK4099: PDB 'vc100.pdb' was not found with 'SOIL.lib(stb_image_aug.obj)' or at 'C:\Users\Craig\Desktop\finalVersion\Zombie Survival\Release\vc100.pdb'; linking object as if no debug info
         Zombie Survival.vcxproj -> C:\Users\Craig\Desktop\finalVersion\Zombie Survival\Release\Zombie Survival.exe
       Manifest:
         C:\Program Files (x86)\Microsoft SDKs\Windows\v7.0A\bin\mt.exe /nologo /verbose /outputresource:"C:\Users\Craig\Desktop\finalVersion\Zombie Survival\Release\Zombie Survival.exe;#1" /manifest "Release\Zombie Survival.exe.intermediate.manifest"
       FinalizeBuildStatus:
         Deleting file "Release\Zombie Survival.unsuccessfulbuild".
         Touching "Release\Zombie Survival.lastbuildstate".
     1>Done Building Project "C:\Users\Craig\Desktop\finalVersion\Zombie Survival\Zombie Survival\Zombie Survival.vcxproj" (build target(s)).

Build succeeded.

Time Elapsed 00:00:01.82
